Mplus VERSION 8.10 DEMO (Linux)
MUTHEN & MUTHEN
02/04/2024   4:55 PM

INPUT INSTRUCTIONS

  TITLE:
  Running Model via Mplus
  DATA:
  FILE = "../mplus/mplusResults_806c95cb59657018957d8abde0909092.dat";

  VARIABLE:
  NAMES = x1 x2 z1 z2 y1 y2;
   MISSING=.;

  ANALYSIS:
  estimator= ml;
        type = random;
        algorithm = integration;
        process = 8;
  MODEL:
  X BY x1;
  X BY x2;
  Z BY z1;
  Z BY z2;
  Y BY y1;
  Y BY y2;
  Y ON X;
  Y ON Z;
  Y ON XZ;
  XZ | X XWITH Z;




INPUT READING TERMINATED NORMALLY




Running Model via Mplus

SUMMARY OF ANALYSIS

Number of groups                                                 1
Number of observations                                        2000

Number of dependent variables                                    6
Number of independent variables                                  0
Number of continuous latent variables                            4

Observed dependent variables

  Continuous
   X1          X2          Z1          Z2          Y1          Y2

Continuous latent variables
   X           Z           Y           XZ


Estimator                                                       ML
Information matrix                                        OBSERVED
Optimization Specifications for the Quasi-Newton Algorithm for
Continuous Outcomes
  Maximum number of iterations                                 100
  Convergence criterion                                  0.100D-05
Optimization Specifications for the EM Algorithm
  Maximum number of iterations                                 500
  Convergence criteria
    Loglikelihood change                                 0.100D-02
    Relative loglikelihood change                        0.100D-05
    Derivative                                           0.100D-02
Optimization Specifications for the M step of the EM Algorithm for
Categorical Latent variables
  Number of M step iterations                                    1
  M step convergence criterion                           0.100D-02
  Basis for M step termination                           ITERATION
Optimization Specifications for the M step of the EM Algorithm for
Censored, Binary or Ordered Categorical (Ordinal), Unordered
Categorical (Nominal) and Count Outcomes
  Number of M step iterations                                    1
  M step convergence criterion                           0.100D-02
  Basis for M step termination                           ITERATION
  Maximum value for logit thresholds                            15
  Minimum value for logit thresholds                           -15
  Minimum expected cell size for chi-square              0.100D-01
Maximum number of iterations for H1                           2000
Convergence criterion for H1                             0.100D-03
Optimization algorithm                                         EMA
Integration Specifications
  Type                                                    STANDARD
  Number of integration points                                  15
  Dimensions of numerical integration                            2
  Adaptive quadrature                                           ON
Cholesky                                                       OFF

Input data file(s)
  ../mplus/mplusResults_806c95cb59657018957d8abde0909092.dat
Input data format  FREE


SUMMARY OF DATA

     Number of missing data patterns             1


COVARIANCE COVERAGE OF DATA

Minimum covariance coverage value   0.100


     PROPORTION OF DATA PRESENT FOR Y


           Covariance Coverage
              X1            X2            Z1            Z2            Y1
              ________      ________      ________      ________      ________
 X1             1.000
 X2             1.000         1.000
 Z1             1.000         1.000         1.000
 Z2             1.000         1.000         1.000         1.000
 Y1             1.000         1.000         1.000         1.000         1.000
 Y2             1.000         1.000         1.000         1.000         1.000


           Covariance Coverage
              Y2
              ________
 Y2             1.000



UNIVARIATE SAMPLE STATISTICS


     UNIVARIATE HIGHER-ORDER MOMENT DESCRIPTIVE STATISTICS

         Variable/         Mean/     Skewness/   Minimum/ % with                Percentiles
        Sample Size      Variance    Kurtosis    Maximum  Min/Max      20%/60%    40%/80%    Median

     X1                    1.006      -0.076      -2.757    0.05%       0.112      0.763      1.006
            2000.000       1.214       0.080       4.591    0.05%       1.279      1.910
     X2                    1.190       0.070      -1.605    0.05%       0.434      0.944      1.185
            2000.000       0.798      -0.105       4.034    0.05%       1.399      1.945
     Z1                    0.967       0.081      -2.475    0.05%       0.066      0.659      0.960
            2000.000       1.187       0.052       5.044    0.05%       1.218      1.890
     Z2                    1.186       0.056      -1.920    0.05%       0.440      0.924      1.173
            2000.000       0.828      -0.030       4.442    0.05%       1.422      1.946
     Y1                    4.346       0.812      -2.541    0.05%       1.937      3.267      3.963
            2000.000       7.927       1.083      20.507    0.05%       4.721      6.601
     Y2                    3.880       0.776      -2.879    0.05%       1.916      2.984      3.603
            2000.000       5.127       1.057      17.199    0.05%       4.212      5.679


THE MODEL ESTIMATION TERMINATED NORMALLY



MODEL FIT INFORMATION

Number of Free Parameters                       22

Loglikelihood

          H0 Value                      -15142.600

Information Criteria

          Akaike (AIC)                   30329.200
          Bayesian (BIC)                 30452.420
          Sample-Size Adjusted BIC       30382.525
            (n* = (n + 2) / 24)



MODEL RESULTS

                                                    Two-Tailed
                    Estimate       S.E.  Est./S.E.    P-Value

 X        BY
    X1                 1.000      0.000    999.000    999.000
    X2                 0.760      0.026     29.198      0.000

 Z        BY
    Z1                 1.000      0.000    999.000    999.000
    Z2                 0.813      0.032     25.253      0.000

 Y        BY
    Y1                 1.000      0.000    999.000    999.000
    Y2                 0.803      0.010     79.821      0.000

 Y          ON
    X                  0.709      0.064     11.161      0.000
    Z                  0.469      0.064      7.360      0.000
    XZ                 0.654      0.060     10.860      0.000

 Z        WITH
    X                  0.240      0.026      9.085      0.000

 Intercepts
    X1                 1.006      0.025     40.841      0.000
    X2                 1.190      0.020     59.607      0.000
    Z1                 0.967      0.024     39.692      0.000
    Z2                 1.186      0.020     58.294      0.000
    Y1                 4.189      0.063     67.003      0.000
    Y2                 3.754      0.050     74.661      0.000

 Variances
    X                  1.082      0.051     21.152      0.000
    Z                  1.011      0.053     19.133      0.000

 Residual Variances
    X1                 0.132      0.034      3.864      0.000
    X2                 0.173      0.020      8.497      0.000
    Z1                 0.176      0.038      4.622      0.000
    Z2                 0.158      0.025      6.240      0.000
    Y1                 0.196      0.088      2.218      0.027
    Y2                 0.147      0.057      2.589      0.010
    Y                  6.237      0.221     28.254      0.000


QUALITY OF NUMERICAL RESULTS

     Condition Number for the Information Matrix              0.133E-02
       (ratio of smallest to largest eigenvalue)


     Beginning Time:  16:55:39
        Ending Time:  16:55:44
       Elapsed Time:  00:00:05


Mplus VERSION 8.10 DEMO (Linux) has the following limitations:
  Maximum number of dependent variables: 6
  Maximum number of independent variables: 2
  Maximum number of between variables: 2
  Maximum number of continuous latent variables in time series analysis: 2


MUTHEN & MUTHEN
3463 Stoner Ave.
Los Angeles, CA  90066

Tel: (310) 391-9971
Fax: (310) 391-8971
Web: www.StatModel.com
Support: Support@StatModel.com

Copyright (c) 1998-2023 Muthen & Muthen
